<?xml version="1.0" encoding="UTF-8"?>
<!-- Generated by org.testng.reporters.JUnitReportReporter -->
<testsuite hostname="DESKTOP-L8VPHJS" failures="0" tests="4" name="parallelScripts.SampleTwoTest" time="0.006" errors="0" timestamp="2022-10-21T11:20:14 IST" skipped="0">
  <testcase classname="parallelScripts.SampleTwoTest" name="testFour" time="0.002"/>
  <system-out/>
  <testcase classname="parallelScripts.SampleTwoTest" name="testThree" time="0.001"/>
  <system-out/>
  <testcase classname="parallelScripts.SampleTwoTest" name="testOne" time="0.002"/>
  <system-out/>
  <testcase classname="parallelScripts.SampleTwoTest" name="testTwo" time="0.001"/>
  <system-out/>
</testsuite> <!-- parallelScripts.SampleTwoTest -->
