<?xml version="1.0" encoding="UTF-8"?>
<!-- Generated by org.testng.reporters.JUnitReportReporter -->
<testsuite hostname="DESKTOP-L8VPHJS" failures="0" tests="10" name="parallelScripts.MethodInvocationTest" time="0.085" errors="0" timestamp="2022-10-21T10:56:15 IST" skipped="0">
  <testcase classname="parallelScripts.MethodInvocationTest" name="sampleTest" time="0.005"/>
  <system-out/>
  <testcase classname="parallelScripts.MethodInvocationTest" name="sampleTest" time="0.017"/>
  <system-out/>
  <testcase classname="parallelScripts.MethodInvocationTest" name="sampleTest" time="0.002"/>
  <system-out/>
  <testcase classname="parallelScripts.MethodInvocationTest" name="sampleTest" time="0.016"/>
  <system-out/>
  <testcase classname="parallelScripts.MethodInvocationTest" name="sampleTest" time="0.001"/>
  <system-out/>
  <testcase classname="parallelScripts.MethodInvocationTest" name="sampleTest" time="0.017"/>
  <system-out/>
  <testcase classname="parallelScripts.MethodInvocationTest" name="sampleTest" time="0.004"/>
  <system-out/>
  <testcase classname="parallelScripts.MethodInvocationTest" name="sampleTest" time="0.004"/>
  <system-out/>
  <testcase classname="parallelScripts.MethodInvocationTest" name="sampleTest" time="0.016"/>
  <system-out/>
  <testcase classname="parallelScripts.MethodInvocationTest" name="sampleTest" time="0.003"/>
  <system-out/>
</testsuite> <!-- parallelScripts.MethodInvocationTest -->
