<?xml version="1.0" encoding="UTF-8"?>
<!-- Generated by org.testng.reporters.JUnitReportReporter -->
<testsuite hostname="DESKTOP-L8VPHJS" failures="0" tests="1" name="testScripts.CDPTest" time="3.517" errors="0" timestamp="2022-10-27T10:30:54 IST" skipped="0">
  <testcase classname="testScripts.CDPTest" name="basicAuthTest" time="3.517"/>
  <system-out/>
</testsuite> <!-- testScripts.CDPTest -->
