<?xml version="1.0" encoding="UTF-8"?>
<!-- Generated by org.testng.reporters.JUnitReportReporter -->
<testsuite hostname="DESKTOP-L8VPHJS" failures="0" tests="2" name="testScripts.SampleTwoTest" time="0.004" errors="0" timestamp="2022-10-20T12:49:26 IST" skipped="0">
  <testcase classname="testScripts.SampleTwoTest" name="searchCucumberTest" time="0.002"/>
  <system-out/>
  <testcase classname="testScripts.SampleTwoTest" name="searchCypressTest" time="0.002"/>
  <system-out/>
</testsuite> <!-- testScripts.SampleTwoTest -->
