<?xml version="1.0" encoding="UTF-8"?>
<!-- Generated by org.testng.reporters.JUnitReportReporter -->
<testsuite hostname="DESKTOP-L8VPHJS" failures="0" tests="2" name="testScripts.SampleOneTest" time="0.009" errors="0" timestamp="2022-10-20T12:49:26 IST" skipped="0">
  <testcase classname="testScripts.SampleOneTest" name="searchJenkinsTest" time="0.007"/>
  <system-out/>
  <testcase classname="testScripts.SampleOneTest" name="searchPlaywrightTest" time="0.002"/>
  <system-out/>
</testsuite> <!-- testScripts.SampleOneTest -->
