<?xml version="1.0" encoding="UTF-8"?>
<!-- Generated by org.testng.reporters.JUnitReportReporter -->
<testsuite hostname="DESKTOP-L8VPHJS" failures="0" tests="1" name="testScripts.ExcelSampleTest" time="21.775" errors="0" timestamp="2022-10-26T11:01:31 IST" skipped="0">
  <testcase classname="testScripts.ExcelSampleTest" name="loginTest" time="21.775"/>
  <system-out/>
</testsuite> <!-- testScripts.ExcelSampleTest -->
