<?xml version="1.0" encoding="UTF-8"?>
<!-- Generated by org.testng.reporters.JUnitReportReporter -->
<testsuite hostname="DESKTOP-L8VPHJS" failures="0" tests="2" name="testScripts.GooglePageTest" time="27.229" errors="0" timestamp="2022-10-26T12:07:18 IST" skipped="0">
  <testcase classname="testScripts.GooglePageTest" name="searchSeleniumTest" time="6.391"/>
  <system-out/>
  <testcase classname="testScripts.GooglePageTest" name="searchJavaTest" time="20.838"/>
  <system-out/>
</testsuite> <!-- testScripts.GooglePageTest -->
